{
  "RSpec": {
    "coverage": {
      "/Users/mrks/Code/bentobook/bentobook_server/app/models/user.rb": {
        "lines": [
          1,
          1,
          null,
          1,
          null,
          null,
          null,
          1,
          1,
          1,
          1,
          1,
          1,
          1,
          1,
          1,
          1,
          null,
          1,
          1,
          1,
          1,
          null,
          null,
          null,
          null,
          1,
          0,
          null,
          null,
          1,
          0,
          null,
          null,
          null,
          null,
          1,
          144,
          null,
          null,
          1,
          0,
          null,
          null,
          null,
          1,
          0,
          null,
          null,
          null,
          null,
          null,
          null,
          null,
          0,
          0,
          null,
          null,
          1,
          0,
          null,
          null,
          1,
          0,
          null,
          null,
          1,
          0,
          null,
          null,
          1,
          null,
          1,
          96,
          null,
          null
        ],
        "branches": {
          "[:if, 0, 42, 4, 42, 39]": {
            "[:then, 1, 42, 28, 42, 33]": 0,
            "[:else, 2, 42, 4, 42, 39]": 0
          },
          "[:\"&.\", 3, 64, 4, 64, 59]": {
            "[:then, 4, 64, 4, 64, 59]": 0,
            "[:else, 5, 64, 4, 64, 59]": 0
          },
          "[:if, 6, 74, 4, 74, 34]": {
            "[:then, 7, 74, 4, 74, 18]": 48,
            "[:else, 8, 74, 4, 74, 34]": 48
          }
        }
      },
      "/Users/mrks/Code/bentobook/bentobook_server/app/models/application_record.rb": {
        "lines": [
          1,
          1,
          null
        ],
        "branches": {
        }
      },
      "/Users/mrks/Code/bentobook/bentobook_server/app/models/concerns/jwt_revocation_strategy.rb": {
        "lines": [
          1,
          1,
          null,
          1,
          1,
          null,
          0,
          null,
          null,
          1,
          null,
          0,
          0,
          null,
          null,
          null,
          1,
          0,
          null,
          null,
          1,
          0,
          null,
          null,
          1,
          null,
          0,
          null,
          null,
          null,
          null,
          null,
          null,
          0,
          null,
          null,
          null,
          null,
          null,
          null
        ],
        "branches": {
          "[:\"&.\", 0, 13, 6, 13, 37]": {
            "[:then, 1, 13, 6, 13, 37]": 0,
            "[:else, 2, 13, 6, 13, 37]": 0
          }
        }
      },
      "/Users/mrks/Code/bentobook/bentobook_server/app/helpers/application_helper.rb": {
        "lines": [
          1,
          1,
          1,
          null,
          1,
          0,
          null,
          0,
          null,
          null
        ],
        "branches": {
          "[:\"&.\", 0, 6, 18, 6, 38]": {
            "[:then, 1, 6, 18, 6, 38]": 0,
            "[:else, 2, 6, 18, 6, 38]": 0
          },
          "[:\"&.\", 3, 6, 18, 6, 47]": {
            "[:then, 4, 6, 18, 6, 47]": 0,
            "[:else, 5, 6, 18, 6, 47]": 0
          },
          "[:\"&.\", 6, 6, 18, 6, 56]": {
            "[:then, 7, 6, 18, 6, 56]": 0,
            "[:else, 8, 6, 18, 6, 56]": 0
          },
          "[:unless, 9, 6, 4, 6, 56]": {
            "[:else, 10, 6, 4, 6, 56]": 0,
            "[:then, 11, 6, 4, 6, 10]": 0
          }
        }
      },
      "/Users/mrks/Code/bentobook/bentobook_server/app/helpers/daisy_ui_pagy_helper.rb": {
        "lines": [
          1,
          1,
          0,
          0,
          0,
          null,
          0,
          0,
          0,
          null,
          0,
          null,
          0,
          0,
          0,
          0,
          0,
          0,
          null,
          null,
          0,
          0,
          null,
          0,
          null,
          0,
          null,
          null
        ],
        "branches": {
          "[:if, 0, 3, 6, 3, 45]": {
            "[:then, 1, 3, 6, 3, 34]": 0,
            "[:else, 2, 3, 6, 3, 45]": 0
          },
          "[:if, 3, 8, 14, 12, 17]": {
            "[:then, 4, 9, 16, 9, 171]": 0,
            "[:else, 5, 11, 16, 11, 101]": 0
          },
          "[:case, 6, 14, 16, 19, 19]": {
            "[:when, 7, 15, 34, 15, 142]": 0,
            "[:when, 8, 16, 34, 16, 110]": 0,
            "[:when, 9, 17, 34, 17, 114]": 0,
            "[:else, 10, 18, 21, 18, 124]": 0
          },
          "[:if, 11, 21, 14, 25, 17]": {
            "[:then, 12, 22, 16, 22, 163]": 0,
            "[:else, 13, 24, 16, 24, 97]": 0
          }
        }
      },
      "/Users/mrks/Code/bentobook/bentobook_server/app/helpers/heroicon_helper.rb": {
        "lines": [
          null,
          null,
          1,
          1,
          null
        ],
        "branches": {
        }
      },
      "/Users/mrks/Code/bentobook/bentobook_server/app/helpers/pages_helper.rb": {
        "lines": [
          1,
          null
        ],
        "branches": {
        }
      },
      "/Users/mrks/Code/bentobook/bentobook_server/app/helpers/restaurants_helper.rb": {
        "lines": [
          1,
          1,
          0,
          0,
          null,
          0,
          null,
          null,
          null,
          1,
          0,
          null,
          0,
          null,
          0,
          null,
          0,
          null,
          null,
          1,
          null,
          0,
          null,
          null,
          null,
          null,
          null,
          null
        ],
        "branches": {
          "[:if, 0, 3, 6, 7, 9]": {
            "[:then, 1, 4, 8, 4, 14]": 0,
            "[:else, 2, 6, 8, 6, 13]": 0
          },
          "[:case, 3, 11, 6, 18, 9]": {
            "[:when, 4, 13, 8, 13, 37]": 0,
            "[:when, 5, 15, 8, 15, 36]": 0,
            "[:else, 6, 17, 8, 17, 48]": 0
          },
          "[:\"&.\", 7, 13, 8, 13, 37]": {
            "[:then, 8, 13, 8, 13, 37]": 0,
            "[:else, 9, 13, 8, 13, 37]": 0
          }
        }
      },
      "/Users/mrks/Code/bentobook/bentobook_server/app/models/profile.rb": {
        "lines": [
          1,
          1,
          1,
          null,
          1,
          null,
          1,
          null,
          1,
          1,
          1,
          1,
          1,
          null,
          1,
          0,
          null,
          0,
          null,
          null,
          null,
          null,
          0,
          0,
          null,
          null,
          1,
          0,
          null,
          null,
          1,
          0,
          null,
          null,
          1,
          0,
          null,
          null,
          1,
          0,
          null,
          null
        ],
        "branches": {
          "[:unless, 0, 16, 4, 16, 38]": {
            "[:else, 1, 16, 4, 16, 38]": 0,
            "[:then, 2, 16, 4, 16, 14]": 0
          }
        }
      },
      "/Users/mrks/Code/bentobook/bentobook_server/app/models/user_session.rb": {
        "lines": [
          1,
          null,
          1,
          1,
          null,
          1,
          null,
          1,
          1,
          1,
          1,
          1,
          null,
          1,
          1,
          null,
          1,
          1,
          1,
          1,
          null,
          1,
          336,
          null,
          null,
          1,
          48,
          48,
          48,
          null,
          null,
          1,
          48,
          null,
          null,
          1,
          0,
          null,
          null,
          1,
          null,
          0,
          null,
          null,
          null,
          null,
          null,
          null,
          null,
          null,
          1,
          1,
          0,
          null,
          null,
          null,
          null,
          null,
          null,
          null,
          1,
          0,
          0,
          null,
          null,
          1,
          0,
          null,
          0,
          0,
          null,
          0,
          0,
          null,
          null,
          null,
          1,
          null,
          1,
          48,
          null,
          48,
          0,
          48,
          0,
          null,
          48,
          null,
          null,
          null,
          48,
          48,
          48,
          48,
          null,
          null,
          1,
          96,
          0,
          null,
          null,
          1,
          48,
          null,
          null,
          1,
          48,
          null,
          null
        ],
        "branches": {
          "[:if, 0, 23, 4, 23, 68]": {
            "[:then, 1, 23, 4, 23, 45]": 336,
            "[:else, 2, 23, 4, 23, 68]": 0
          },
          "[:if, 3, 28, 4, 28, 47]": {
            "[:then, 4, 28, 4, 28, 28]": 0,
            "[:else, 5, 28, 4, 28, 47]": 48
          },
          "[:unless, 6, 67, 6, 67, 76]": {
            "[:else, 7, 67, 6, 67, 76]": 0,
            "[:then, 8, 67, 6, 67, 18]": 0
          },
          "[:\"&.\", 9, 70, 26, 70, 42]": {
            "[:then, 10, 70, 26, 70, 42]": 0,
            "[:else, 11, 70, 26, 70, 42]": 0
          },
          "[:\"&.\", 12, 70, 46, 70, 62]": {
            "[:then, 13, 70, 46, 70, 62]": 0,
            "[:else, 14, 70, 46, 70, 62]": 0
          },
          "[:unless, 15, 70, 6, 70, 85]": {
            "[:else, 16, 70, 6, 70, 85]": 0,
            "[:then, 17, 70, 6, 70, 18]": 0
          },
          "[:unless, 18, 80, 4, 80, 39]": {
            "[:else, 19, 80, 4, 80, 39]": 48,
            "[:then, 20, 80, 4, 80, 10]": 0
          },
          "[:if, 21, 82, 23, 88, 7]": {
            "[:then, 22, 83, 24, 83, 32]": 0,
            "[:else, 23, 84, 4, 87, 33]": 48
          },
          "[:if, 24, 84, 4, 87, 33]": {
            "[:then, 25, 85, 24, 85, 32]": 0,
            "[:else, 26, 87, 24, 87, 33]": 48
          },
          "[:unless, 27, 98, 4, 98, 64]": {
            "[:else, 28, 98, 4, 98, 64]": 0,
            "[:then, 29, 98, 4, 98, 10]": 96
          }
        }
      },
      "/Users/mrks/Code/bentobook/bentobook_server/app/models/cuisine_type.rb": {
        "lines": [
          1,
          1,
          null,
          1,
          null,
          null,
          1,
          null,
          1,
          0,
          null,
          null
        ],
        "branches": {
        }
      },
      "/Users/mrks/Code/bentobook/bentobook_server/app/controllers/api/v1/restaurants_controller.rb": {
        "lines": [
          1,
          1,
          1,
          1,
          null,
          1,
          null,
          1,
          8,
          8,
          null,
          8,
          null,
          7,
          null,
          null,
          null,
          null,
          null,
          null,
          null,
          null,
          null,
          null,
          1,
          null,
          null,
          1,
          4,
          null,
          1,
          null,
          null,
          1,
          17,
          null,
          17,
          17,
          null,
          15,
          1,
          null,
          null,
          13,
          1,
          null,
          null,
          null,
          13,
          null,
          3,
          null,
          null,
          1,
          5,
          4,
          1,
          null,
          null,
          4,
          2,
          null,
          1,
          null,
          null,
          null,
          2,
          null,
          null,
          1,
          3,
          1,
          null,
          1,
          null,
          null,
          1,
          null,
          null,
          1,
          3,
          null,
          3,
          1,
          null,
          1,
          null,
          null,
          1,
          null,
          null,
          1,
          3,
          null,
          3,
          1,
          null,
          1,
          null,
          null,
          1,
          null,
          null,
          1,
          null,
          1,
          23,
          null,
          5,
          null,
          null,
          1,
          null,
          17,
          null,
          null,
          15,
          null,
          null,
          null,
          null,
          15,
          15,
          null,
          null,
          15,
          5,
          null,
          null,
          null,
          15,
          12,
          null,
          null,
          12,
          12,
          12,
          12,
          12,
          12,
          null,
          null,
          3,
          null,
          null,
          null,
          null,
          null,
          null,
          null,
          null,
          null,
          null,
          15,
          null,
          null,
          1,
          2,
          3,
          2,
          null,
          null,
          null,
          1,
          22,
          null,
          null,
          null,
          null,
          1,
          244,
          null,
          null,
          null,
          null,
          null,
          null,
          null,
          null,
          1,
          0,
          null,
          null,
          null,
          null,
          null,
          null,
          null,
          null,
          null,
          1,
          7,
          null,
          null,
          1,
          8,
          null,
          null,
          1,
          20,
          null,
          null,
          null,
          null
        ],
        "branches": {
          "[:unless, 0, 40, 10, 42, 13]": {
            "[:else, 1, 40, 10, 42, 13]": 13,
            "[:then, 2, 41, 12, 41, 75]": 1
          },
          "[:if, 3, 44, 10, 46, 13]": {
            "[:then, 4, 45, 12, 45, 66]": 1,
            "[:else, 5, 44, 10, 46, 13]": 12
          },
          "[:if, 6, 56, 10, 58, 13]": {
            "[:then, 7, 57, 12, 57, 67]": 1,
            "[:else, 8, 56, 10, 58, 13]": 3
          },
          "[:if, 9, 60, 10, 64, 13]": {
            "[:then, 10, 61, 12, 61, 39]": 2,
            "[:else, 11, 63, 12, 63, 69]": 1
          },
          "[:if, 12, 71, 8, 75, 11]": {
            "[:then, 13, 72, 10, 72, 26]": 1,
            "[:else, 14, 74, 10, 74, 67]": 1
          },
          "[:if, 15, 83, 8, 87, 11]": {
            "[:then, 16, 84, 10, 84, 37]": 1,
            "[:else, 17, 86, 10, 86, 67]": 1
          },
          "[:if, 18, 95, 8, 99, 11]": {
            "[:then, 19, 96, 10, 96, 37]": 1,
            "[:else, 20, 98, 10, 98, 67]": 1
          },
          "[:if, 21, 117, 18, 117, 93]": {
            "[:then, 22, 117, 56, 117, 87]": 7,
            "[:else, 23, 117, 90, 117, 93]": 8
          },
          "[:if, 24, 126, 8, 128, 11]": {
            "[:then, 25, 127, 10, 127, 60]": 5,
            "[:else, 26, 126, 8, 128, 11]": 10
          },
          "[:if, 27, 131, 8, 152, 11]": {
            "[:then, 28, 132, 10, 141, 13]": 12,
            "[:else, 29, 143, 10, 151, 11]": 3
          },
          "[:\"&.\", 30, 138, 26, 138, 60]": {
            "[:then, 31, 138, 26, 138, 60]": 12,
            "[:else, 32, 138, 26, 138, 60]": 0
          },
          "[:\"&.\", 33, 139, 27, 139, 62]": {
            "[:then, 34, 139, 27, 139, 62]": 12,
            "[:else, 35, 139, 27, 139, 62]": 0
          },
          "[:\"&.\", 36, 147, 22, 147, 56]": {
            "[:then, 37, 147, 22, 147, 56]": 2,
            "[:else, 38, 147, 22, 147, 56]": 1
          },
          "[:\"&.\", 39, 148, 23, 148, 58]": {
            "[:then, 40, 148, 23, 148, 58]": 2,
            "[:else, 41, 148, 23, 148, 58]": 1
          },
          "[:unless, 42, 159, 10, 159, 62]": {
            "[:else, 43, 159, 10, 159, 62]": 2,
            "[:then, 44, 159, 10, 159, 14]": 1
          }
        }
      },
      "/Users/mrks/Code/bentobook/bentobook_server/app/controllers/api/v1/base_controller.rb": {
        "lines": [
          1,
          1,
          1,
          1,
          1,
          1,
          1,
          null,
          1,
          null,
          1,
          48,
          48,
          48,
          null,
          null,
          48,
          null,
          null,
          null,
          null,
          null,
          null,
          48,
          48,
          null,
          48,
          0,
          null,
          null,
          null,
          48,
          null,
          0,
          null,
          null,
          null,
          1,
          48,
          null,
          null,
          1,
          0,
          null,
          null,
          null,
          null,
          null,
          null,
          null,
          null,
          null,
          null,
          null,
          1,
          0,
          null,
          null,
          null,
          null,
          null,
          null,
          null,
          null,
          null,
          null,
          null,
          1,
          70,
          null,
          null,
          1,
          0,
          null,
          null,
          1,
          0,
          null,
          null,
          null,
          null,
          null,
          null,
          1,
          0,
          null,
          null,
          null,
          null,
          null,
          null,
          null,
          null,
          null,
          null,
          null,
          null,
          null,
          null,
          1,
          0,
          null,
          null,
          null,
          null,
          null,
          null,
          null,
          null,
          null
        ],
        "branches": {
          "[:unless, 0, 14, 8, 14, 49]": {
            "[:else, 1, 14, 8, 14, 49]": 48,
            "[:then, 2, 14, 8, 14, 36]": 0
          },
          "[:\"&.\", 3, 27, 34, 27, 59]": {
            "[:then, 4, 27, 34, 27, 59]": 48,
            "[:else, 5, 27, 34, 27, 59]": 0
          },
          "[:unless, 6, 27, 10, 29, 13]": {
            "[:else, 7, 27, 10, 29, 13]": 48,
            "[:then, 8, 28, 12, 28, 40]": 0
          },
          "[:unless, 9, 39, 8, 39, 53]": {
            "[:else, 10, 39, 8, 39, 53]": 48,
            "[:then, 11, 39, 8, 39, 30]": 0
          }
        }
      },
      "/Users/mrks/Code/bentobook/bentobook_server/app/controllers/api_controller.rb": {
        "lines": [
          1,
          1,
          null,
          1,
          1,
          null,
          1,
          null,
          1,
          0,
          null,
          null,
          1,
          0,
          null,
          0,
          null,
          null,
          null,
          null,
          null,
          null,
          0,
          null,
          null,
          null,
          null,
          null,
          null,
          null,
          null
        ],
        "branches": {
          "[:unless, 0, 10, 4, 10, 49]": {
            "[:else, 1, 10, 4, 10, 49]": 0,
            "[:then, 2, 10, 4, 10, 26]": 0
          },
          "[:case, 3, 14, 4, 29, 7]": {
            "[:when, 4, 16, 6, 21, 27]": 0,
            "[:else, 5, 23, 6, 28, 39]": 0
          }
        }
      },
      "/Users/mrks/Code/bentobook/bentobook_server/app/models/restaurant.rb": {
        "lines": [
          1,
          1,
          null,
          1,
          1,
          1,
          1,
          1,
          1,
          1,
          1,
          1,
          1,
          1,
          null,
          1,
          null,
          1,
          null,
          1,
          1,
          1,
          null,
          1,
          null,
          1,
          null,
          null,
          null,
          null,
          null,
          null,
          null,
          null,
          null,
          null,
          null,
          null,
          null,
          null,
          null,
          null,
          1,
          0,
          null,
          null,
          null,
          1,
          null,
          null,
          null,
          null,
          1,
          13,
          403,
          null,
          null,
          null,
          1,
          8,
          null,
          null,
          104,
          null,
          null,
          null,
          null,
          1,
          null,
          0,
          0,
          null,
          0,
          null,
          null,
          0,
          null,
          null,
          null,
          null,
          1,
          0,
          null,
          null,
          null,
          null,
          1,
          31,
          null,
          null,
          1,
          0,
          null,
          0,
          null,
          null,
          1,
          0,
          null,
          0,
          0,
          null,
          null,
          null,
          null,
          null,
          1,
          0,
          null,
          null,
          1,
          0,
          null,
          null,
          null,
          null,
          1,
          0,
          null,
          0,
          null,
          0,
          0,
          null,
          0,
          0,
          0,
          0,
          null,
          0,
          null,
          null,
          null,
          null,
          null,
          0,
          null,
          null,
          null,
          0,
          null,
          null,
          null
        ],
        "branches": {
          "[:\"&.\", 0, 55, 31, 55, 67]": {
            "[:then, 1, 55, 31, 55, 67]": 316,
            "[:else, 2, 55, 31, 55, 67]": 0
          },
          "[:if, 3, 70, 27, 74, 9]": {
            "[:then, 4, 71, 8, 71, 23]": 0,
            "[:else, 5, 73, 8, 73, 16]": 0
          },
          "[:if, 6, 92, 6, 92, 57]": {
            "[:then, 7, 92, 6, 92, 31]": 0,
            "[:else, 8, 92, 6, 92, 57]": 0
          },
          "[:\"&.\", 9, 98, 24, 98, 51]": {
            "[:then, 10, 98, 24, 98, 51]": 0,
            "[:else, 11, 98, 24, 98, 51]": 0
          },
          "[:unless, 12, 98, 6, 98, 51]": {
            "[:else, 13, 98, 6, 98, 51]": 0,
            "[:then, 14, 98, 6, 98, 16]": 0
          },
          "[:if, 15, 108, 6, 108, 38]": {
            "[:then, 16, 108, 6, 108, 23]": 0,
            "[:else, 17, 108, 6, 108, 38]": 0
          },
          "[:if, 18, 118, 6, 118, 38]": {
            "[:then, 19, 118, 6, 118, 17]": 0,
            "[:else, 20, 118, 6, 118, 38]": 0
          },
          "[:if, 21, 123, 8, 123, 63]": {
            "[:then, 22, 123, 8, 123, 46]": 0,
            "[:else, 23, 123, 8, 123, 63]": 0
          }
        }
      },
      "/Users/mrks/Code/bentobook/bentobook_server/app/queries/restaurant_query.rb": {
        "lines": [
          1,
          1,
          1,
          null,
          1,
          null,
          1,
          8,
          8,
          null,
          null,
          1,
          7,
          7,
          7,
          7,
          7,
          7,
          7,
          null,
          null,
          1,
          null,
          1,
          7,
          null,
          null,
          1,
          7,
          1,
          null,
          6,
          null,
          null,
          null,
          1,
          7,
          null,
          null,
          1,
          7,
          7,
          null,
          7,
          null,
          0,
          null,
          1,
          null,
          6,
          null,
          null,
          null,
          1,
          0,
          0,
          0,
          null,
          null,
          null,
          0,
          null,
          null,
          null
        ],
        "branches": {
          "[:if, 0, 25, 6, 25, 70]": {
            "[:then, 1, 25, 22, 25, 61]": 7,
            "[:else, 2, 25, 64, 25, 70]": 0
          },
          "[:if, 3, 29, 6, 33, 9]": {
            "[:then, 4, 30, 8, 30, 127]": 1,
            "[:else, 5, 32, 8, 32, 14]": 6
          },
          "[:if, 6, 37, 6, 37, 71]": {
            "[:then, 7, 37, 30, 37, 62]": 1,
            "[:else, 8, 37, 65, 37, 71]": 6
          },
          "[:case, 9, 44, 6, 51, 9]": {
            "[:when, 10, 46, 8, 46, 32]": 0,
            "[:when, 11, 48, 8, 48, 66]": 1,
            "[:else, 12, 50, 8, 50, 127]": 6
          },
          "[:if, 13, 55, 6, 62, 9]": {
            "[:then, 14, 56, 8, 59, 147]": 0,
            "[:else, 15, 61, 8, 61, 14]": 0
          }
        }
      },
      "/Users/mrks/Code/bentobook/bentobook_server/app/models/google_restaurant.rb": {
        "lines": [
          1,
          1,
          1,
          null,
          1,
          1,
          1,
          1,
          1,
          1,
          1,
          null,
          null,
          1,
          0,
          null,
          null,
          null,
          1,
          0,
          null,
          null,
          null,
          1,
          null,
          null,
          1,
          0,
          null,
          null,
          1,
          0,
          null,
          null,
          1,
          null,
          1,
          null,
          1,
          null,
          1,
          54,
          0,
          null,
          null,
          null,
          1,
          53,
          53,
          null,
          0,
          null,
          null,
          0,
          0,
          0,
          null,
          null,
          1,
          53,
          null,
          null
        ],
        "branches": {
          "[:if, 0, 28, 4, 28, 68]": {
            "[:then, 1, 28, 4, 28, 25]": 0,
            "[:else, 2, 28, 4, 28, 68]": 0
          },
          "[:if, 3, 42, 4, 44, 7]": {
            "[:then, 4, 43, 6, 43, 57]": 0,
            "[:else, 5, 42, 4, 44, 7]": 54
          },
          "[:if, 6, 48, 4, 52, 7]": {
            "[:then, 7, 49, 6, 49, 55]": 53,
            "[:else, 8, 51, 6, 51, 25]": 0
          }
        }
      },
      "/Users/mrks/Code/bentobook/bentobook_server/app/serializers/restaurant_serializer.rb": {
        "lines": [
          1,
          1,
          null,
          null,
          1,
          null,
          null,
          null,
          null,
          null,
          null,
          null,
          1,
          31,
          null,
          null,
          1,
          31,
          null,
          null,
          1,
          31,
          null,
          null,
          1,
          31,
          null,
          null,
          1,
          31,
          null,
          null,
          null,
          1,
          null,
          31,
          null,
          null,
          null,
          null,
          null,
          null,
          null,
          null,
          null,
          null,
          null,
          null,
          1,
          31,
          null,
          1,
          null,
          null,
          null,
          null,
          null,
          null,
          null,
          null,
          null,
          null,
          1,
          null,
          31,
          null,
          null,
          null,
          null,
          null,
          1,
          31,
          3,
          null,
          null,
          3,
          null,
          null,
          null,
          null,
          null,
          null,
          null,
          null,
          null,
          null,
          null,
          null,
          null,
          1,
          31,
          null,
          null,
          null,
          1,
          31,
          0,
          null,
          null,
          null,
          null,
          1,
          31,
          null,
          null
        ],
        "branches": {
          "[:\"&.\", 0, 18, 4, 18, 33]": {
            "[:then, 1, 18, 4, 18, 33]": 31,
            "[:else, 2, 18, 4, 18, 33]": 0
          },
          "[:\"&.\", 3, 43, 16, 43, 50]": {
            "[:then, 4, 43, 16, 43, 50]": 31,
            "[:else, 5, 43, 16, 43, 50]": 0
          },
          "[:\"&.\", 6, 44, 17, 44, 52]": {
            "[:then, 7, 44, 17, 44, 52]": 31,
            "[:else, 8, 44, 17, 44, 52]": 0
          },
          "[:unless, 9, 73, 6, 73, 38]": {
            "[:else, 10, 73, 6, 73, 38]": 3,
            "[:then, 11, 73, 6, 73, 10]": 0
          },
          "[:\"&.\", 12, 91, 4, 91, 49]": {
            "[:then, 13, 91, 4, 91, 49]": 31,
            "[:else, 14, 91, 4, 91, 49]": 0
          },
          "[:if, 15, 96, 4, 98, 7]": {
            "[:then, 16, 97, 6, 97, 84]": 0,
            "[:else, 17, 96, 4, 98, 7]": 31
          }
        }
      },
      "/Users/mrks/Code/bentobook/bentobook_server/app/serializers/base_serializer.rb": {
        "lines": [
          1,
          1,
          null,
          1,
          21,
          21,
          20,
          null,
          null,
          20,
          null,
          null,
          null,
          null,
          null,
          null,
          null,
          null,
          null,
          null,
          null,
          1,
          7,
          11,
          11,
          11,
          null,
          null,
          11,
          null,
          null,
          null,
          null,
          null,
          7,
          7,
          7,
          7,
          null,
          7,
          null,
          null,
          null,
          null,
          null,
          0,
          null,
          null,
          null,
          7,
          null,
          null,
          null,
          null,
          null,
          null,
          null,
          null,
          1,
          null,
          20,
          20,
          null,
          null,
          null,
          null,
          null,
          null,
          1,
          null,
          1,
          20,
          null,
          20,
          null,
          null,
          0,
          null,
          null,
          null,
          0,
          null,
          null,
          null
        ],
        "branches": {
          "[:if, 0, 35, 17, 47, 7]": {
            "[:then, 1, 36, 6, 44, 7]": 7,
            "[:else, 2, 46, 6, 46, 8]": 0
          },
          "[:if, 3, 38, 20, 38, 63]": {
            "[:then, 4, 38, 34, 38, 35]": 1,
            "[:else, 5, 38, 38, 38, 63]": 6
          },
          "[:case, 6, 72, 4, 82, 7]": {
            "[:when, 7, 74, 6, 74, 23]": 20,
            "[:when, 8, 76, 6, 79, 7]": 0,
            "[:else, 9, 81, 6, 81, 28]": 0
          }
        }
      },
      "/Users/mrks/Code/bentobook/bentobook_server/app/models/visit.rb": {
        "lines": [
          1,
          1,
          1,
          1,
          1,
          1,
          null,
          1,
          1,
          null,
          1,
          null
        ],
        "branches": {
        }
      },
      "/Users/mrks/Code/bentobook/bentobook_server/app/models/image.rb": {
        "lines": [
          1,
          null,
          1,
          null,
          1,
          null,
          1,
          null,
          1,
          1,
          4,
          null,
          1,
          null,
          1,
          3,
          null,
          null,
          3,
          3,
          3,
          3,
          3,
          3,
          null,
          null,
          3,
          null,
          null,
          3,
          null,
          null,
          null,
          null,
          null,
          3,
          3,
          null,
          3,
          null,
          0,
          0,
          null,
          null,
          0,
          null,
          null,
          0,
          null,
          null,
          null,
          null,
          0,
          0,
          null,
          null,
          3,
          null,
          null,
          1,
          0,
          null,
          0,
          null,
          null
        ],
        "branches": {
          "[:unless, 0, 16, 4, 16, 32]": {
            "[:else, 1, 16, 4, 16, 32]": 3,
            "[:then, 2, 16, 4, 16, 10]": 0
          },
          "[:unless, 3, 36, 6, 51, 9]": {
            "[:else, 4, 36, 6, 51, 9]": 0,
            "[:then, 5, 37, 8, 50, 11]": 3
          },
          "[:if, 6, 39, 8, 50, 11]": {
            "[:then, 7, 41, 12, 48, 66]": 0,
            "[:else, 8, 39, 8, 50, 11]": 3
          },
          "[:if, 9, 41, 12, 46, 15]": {
            "[:then, 10, 42, 14, 42, 65]": 0,
            "[:else, 11, 45, 14, 45, 18]": 0
          },
          "[:if, 12, 61, 4, 61, 32]": {
            "[:then, 13, 61, 4, 61, 14]": 0,
            "[:else, 14, 61, 4, 61, 32]": 0
          }
        }
      },
      "/Users/mrks/Code/bentobook/bentobook_server/app/models/list_restaurant.rb": {
        "lines": [
          1,
          1,
          1,
          null,
          1,
          1,
          null
        ],
        "branches": {
        }
      },
      "/Users/mrks/Code/bentobook/bentobook_server/app/models/restaurant_copy.rb": {
        "lines": [
          1,
          1,
          1,
          1,
          null,
          1,
          null
        ],
        "branches": {
        }
      },
      "/Users/mrks/Code/bentobook/bentobook_server/app/components/application_component.rb": {
        "lines": [
          null,
          null,
          0,
          0,
          null,
          0,
          0,
          0,
          0
        ],
        "branches": {
        }
      },
      "/Users/mrks/Code/bentobook/bentobook_server/app/components/avatar_component.rb": {
        "lines": [
          0,
          0,
          0,
          0,
          0,
          0,
          0,
          0,
          null,
          0,
          0,
          0,
          0,
          0,
          0,
          0,
          0,
          0,
          null,
          0,
          null,
          0,
          0,
          0,
          0,
          0,
          0,
          0,
          0,
          0,
          null,
          0,
          0,
          0,
          0,
          0,
          null,
          0,
          0,
          0,
          0,
          0,
          0,
          0,
          0,
          0,
          0,
          0,
          0,
          null,
          0,
          0,
          0,
          0,
          0,
          0,
          0,
          0,
          0,
          null,
          0,
          0,
          0,
          0,
          0,
          0,
          null,
          0,
          0,
          0,
          0,
          0,
          0,
          0,
          null,
          0,
          0,
          0,
          0,
          0,
          0,
          0,
          null,
          0,
          0,
          0,
          0,
          0,
          0,
          0,
          0,
          0,
          null,
          0,
          0,
          0,
          0,
          0,
          0,
          0,
          0,
          0,
          null,
          0,
          0,
          0,
          0,
          0,
          0,
          0,
          0,
          0,
          0,
          0,
          null,
          0,
          0,
          0,
          0
        ],
        "branches": {
        }
      },
      "/Users/mrks/Code/bentobook/bentobook_server/app/components/cuisine_type_select_component.rb": {
        "lines": [
          null,
          null,
          0,
          0,
          0,
          0,
          0,
          null,
          0,
          0,
          0,
          0,
          0,
          0,
          0,
          0,
          0,
          0,
          null
        ],
        "branches": {
        }
      },
      "/Users/mrks/Code/bentobook/bentobook_server/app/components/gallery_component.rb": {
        "lines": [
          0,
          0,
          0,
          0,
          0,
          null,
          0,
          null,
          0,
          0,
          0,
          null,
          0,
          0,
          0,
          0
        ],
        "branches": {
        }
      },
      "/Users/mrks/Code/bentobook/bentobook_server/app/components/gallery_modal_component.rb": {
        "lines": [
          0,
          0,
          0,
          0,
          0,
          0,
          0,
          0,
          null,
          0,
          null,
          0,
          0,
          0,
          0,
          0,
          0,
          null,
          0,
          0,
          0,
          null,
          0,
          0,
          0,
          null,
          0,
          0,
          0,
          0
        ],
        "branches": {
        }
      },
      "/Users/mrks/Code/bentobook/bentobook_server/app/components/image_upload_component.rb": {
        "lines": [
          0,
          0,
          0,
          0,
          0,
          0,
          null,
          0,
          null,
          0,
          0
        ],
        "branches": {
        }
      },
      "/Users/mrks/Code/bentobook/bentobook_server/app/components/list_actions_component.rb": {
        "lines": [
          0,
          0,
          0,
          null,
          0,
          0,
          0,
          0,
          0,
          0,
          0,
          0,
          0,
          0,
          null,
          0,
          null,
          0,
          null,
          0,
          0,
          null,
          null,
          null,
          0,
          0,
          0
        ],
        "branches": {
        }
      },
      "/Users/mrks/Code/bentobook/bentobook_server/app/components/list_card_component.rb": {
        "lines": [
          0,
          0,
          null,
          0,
          0,
          0,
          0,
          0,
          0,
          null,
          0,
          null,
          0,
          null,
          0,
          0,
          0,
          0,
          0,
          0,
          null,
          0,
          0,
          null,
          0,
          0,
          0,
          0,
          0,
          0,
          0
        ],
        "branches": {
        }
      },
      "/Users/mrks/Code/bentobook/bentobook_server/app/components/list_component.rb": {
        "lines": [
          0,
          0,
          0,
          0,
          0,
          0,
          0,
          0,
          0,
          0,
          0,
          null,
          0,
          null,
          0,
          0
        ],
        "branches": {
        }
      },
      "/Users/mrks/Code/bentobook/bentobook_server/app/components/list_header_component.rb": {
        "lines": [
          0,
          0,
          0,
          null,
          0,
          0,
          0,
          0,
          0,
          null,
          0,
          null,
          0,
          null,
          0,
          0,
          0,
          0,
          0,
          0,
          null,
          0,
          0,
          null,
          0,
          0,
          0,
          0,
          0,
          0,
          null,
          0,
          0,
          0,
          0
        ],
        "branches": {
        }
      },
      "/Users/mrks/Code/bentobook/bentobook_server/app/components/list_stats_component.rb": {
        "lines": [
          0,
          0,
          0,
          0,
          0,
          null,
          0,
          null,
          0,
          0
        ],
        "branches": {
        }
      },
      "/Users/mrks/Code/bentobook/bentobook_server/app/components/price_level_component.rb": {
        "lines": [
          null,
          null,
          0,
          0,
          null,
          0,
          0,
          0,
          0,
          null,
          0,
          0,
          0,
          null,
          0,
          null,
          0,
          0,
          0,
          null,
          0,
          0,
          0,
          0,
          0,
          0,
          0
        ],
        "branches": {
        }
      },
      "/Users/mrks/Code/bentobook/bentobook_server/app/components/ratings_component.rb": {
        "lines": [
          null,
          null,
          0,
          0,
          0,
          0,
          0,
          0,
          null,
          0,
          0,
          0,
          0,
          0,
          0,
          0,
          null,
          0,
          null,
          0,
          0,
          0,
          0,
          0,
          0,
          0,
          null,
          0,
          0,
          0,
          0,
          0,
          0,
          null,
          0,
          0,
          0,
          0,
          0,
          0,
          0,
          0,
          0,
          0,
          0,
          0,
          0,
          null,
          0,
          0,
          0,
          0,
          0,
          null,
          0,
          0,
          0,
          0,
          0,
          0,
          null
        ],
        "branches": {
        }
      },
      "/Users/mrks/Code/bentobook/bentobook_server/app/components/restaurant_card_component.rb": {
        "lines": [
          null,
          null,
          0,
          0,
          0,
          0,
          null,
          0,
          null,
          0,
          null,
          0,
          0,
          0,
          0,
          0,
          0,
          0,
          0,
          null,
          0,
          0,
          0,
          0,
          null
        ],
        "branches": {
        }
      },
      "/Users/mrks/Code/bentobook/bentobook_server/app/components/s3_image_component.rb": {
        "lines": [
          null,
          null,
          0,
          0,
          null,
          0,
          0,
          0,
          0,
          0,
          0,
          null,
          0,
          0,
          null,
          0,
          0,
          0,
          0,
          0,
          0,
          null,
          0,
          null,
          null,
          0,
          0,
          0,
          0,
          0,
          0,
          0,
          0,
          0,
          0,
          0,
          0,
          0,
          0,
          0,
          0,
          0,
          0,
          0,
          0,
          0,
          0,
          0,
          0,
          0,
          0,
          0,
          0,
          0,
          0,
          null,
          0,
          0,
          0,
          null,
          0,
          0,
          0,
          0,
          0,
          0,
          0,
          0,
          0,
          0
        ],
        "branches": {
        }
      },
      "/Users/mrks/Code/bentobook/bentobook_server/app/components/search_form_component.rb": {
        "lines": [
          0,
          0,
          0,
          0,
          0,
          0,
          0,
          0
        ],
        "branches": {
        }
      },
      "/Users/mrks/Code/bentobook/bentobook_server/app/components/shared_list_actions_component.rb": {
        "lines": [
          0,
          0,
          0,
          null,
          0,
          0,
          0,
          0,
          0,
          0,
          null,
          0,
          null,
          0,
          null,
          0,
          0,
          0,
          0,
          0,
          0,
          0,
          0,
          0,
          0,
          0
        ],
        "branches": {
        }
      },
      "/Users/mrks/Code/bentobook/bentobook_server/app/components/shared_lists_component.rb": {
        "lines": [
          0,
          0,
          0,
          null,
          0,
          0,
          0,
          0,
          0,
          0,
          0,
          0,
          0,
          0,
          0,
          0,
          0,
          0,
          0,
          null,
          0,
          0,
          0,
          null,
          0,
          null,
          0,
          0
        ],
        "branches": {
        }
      },
      "/Users/mrks/Code/bentobook/bentobook_server/app/components/shared_restaurant_card_component.rb": {
        "lines": [
          null,
          null,
          0,
          0,
          0,
          0,
          0,
          0,
          0,
          0,
          0,
          0,
          0,
          null,
          0,
          null,
          0,
          null,
          0,
          0,
          0,
          0,
          0,
          0,
          null,
          0,
          0,
          0,
          0,
          0,
          0,
          0,
          0,
          null,
          0,
          0,
          0,
          0
        ],
        "branches": {
        }
      },
      "/Users/mrks/Code/bentobook/bentobook_server/app/components/sharee_avatars_component.rb": {
        "lines": [
          0,
          0,
          0,
          0,
          0,
          null,
          0,
          null,
          0,
          null,
          0,
          0,
          0,
          null,
          0,
          0,
          0,
          0,
          0,
          0,
          0,
          0,
          0,
          0
        ],
        "branches": {
        }
      },
      "/Users/mrks/Code/bentobook/bentobook_server/app/components/sort_form_component.rb": {
        "lines": [
          0,
          0,
          0,
          0,
          0,
          0,
          0,
          0,
          0
        ],
        "branches": {
        }
      },
      "/Users/mrks/Code/bentobook/bentobook_server/app/components/tag_input_component.rb": {
        "lines": [
          null,
          null,
          0,
          0,
          0,
          0,
          0,
          0,
          null,
          0,
          0,
          0,
          null,
          0,
          null,
          0,
          0
        ],
        "branches": {
        }
      },
      "/Users/mrks/Code/bentobook/bentobook_server/app/components/visit_card_component.rb": {
        "lines": [
          null,
          null,
          0,
          0,
          0,
          0,
          0,
          null,
          0,
          null,
          0,
          null,
          0,
          0,
          null,
          0,
          0,
          0,
          0,
          0,
          0,
          0,
          0,
          0,
          0,
          0,
          0,
          0,
          0,
          0
        ],
        "branches": {
        }
      },
      "/Users/mrks/Code/bentobook/bentobook_server/app/controllers/api/v1/contacts_controller.rb": {
        "lines": [
          0,
          0,
          0,
          0,
          null,
          0,
          null,
          0,
          0,
          0,
          null,
          0,
          0,
          0,
          0,
          0,
          0,
          0,
          0,
          0,
          0,
          null,
          0,
          0,
          null,
          0,
          0,
          0,
          0,
          0,
          0,
          null,
          0,
          0,
          null,
          0,
          0,
          0,
          null,
          0,
          0,
          0,
          0,
          0,
          0,
          0,
          0,
          0,
          0,
          0,
          0,
          0,
          0,
          null,
          0,
          0,
          0,
          0,
          0,
          0,
          0,
          0,
          0,
          0,
          null,
          0,
          0,
          0,
          null,
          0,
          0,
          0,
          0,
          0,
          0,
          0,
          0,
          0,
          0,
          0,
          0,
          0,
          0,
          null,
          0,
          0,
          0,
          0,
          0,
          0,
          0,
          0,
          0,
          0,
          0,
          0,
          0,
          0,
          0,
          0,
          0,
          0,
          0,
          null,
          0,
          0,
          0,
          0,
          0,
          0,
          0,
          0,
          null,
          0,
          0,
          0,
          null,
          0,
          0,
          0,
          null,
          0,
          0,
          0,
          0,
          0,
          0,
          0,
          null,
          0,
          null,
          0,
          0,
          0,
          0,
          0,
          null,
          0,
          0,
          0,
          0,
          0,
          0,
          0,
          0,
          0
        ],
        "branches": {
        }
      },
      "/Users/mrks/Code/bentobook/bentobook_server/app/controllers/api/v1/images_controller.rb": {
        "lines": [
          0,
          0,
          0,
          0,
          null,
          0,
          0,
          0,
          null,
          0,
          0,
          null,
          0,
          0,
          0,
          0,
          0,
          0,
          0,
          0,
          0,
          0,
          null,
          0,
          0,
          0,
          0,
          0,
          0,
          0,
          null,
          0,
          null,
          0,
          0,
          0,
          0,
          0,
          null,
          0,
          0,
          0,
          0,
          0,
          0,
          0,
          0,
          0,
          null,
          0,
          0,
          0,
          0,
          0,
          null,
          0,
          0,
          0,
          0,
          0,
          0,
          null,
          0,
          0,
          0,
          null,
          0,
          0,
          0,
          0,
          0,
          0,
          0,
          0,
          null,
          0,
          0,
          0,
          0,
          0,
          0,
          0,
          0,
          0
        ],
        "branches": {
        }
      },
      "/Users/mrks/Code/bentobook/bentobook_server/app/controllers/api/v1/profiles_controller.rb": {
        "lines": [
          0,
          0,
          0,
          0,
          null,
          0,
          null,
          0,
          0,
          0,
          null,
          0,
          0,
          0,
          0,
          null,
          0,
          0,
          null,
          0,
          0,
          0,
          0,
          0,
          0,
          null,
          0,
          0,
          null,
          0,
          0,
          0,
          0,
          0,
          0,
          0,
          0,
          0,
          0,
          null,
          0,
          0,
          0,
          0,
          null,
          0,
          0,
          0,
          0,
          0,
          0,
          null,
          0,
          0,
          null,
          0,
          0,
          0,
          null,
          0,
          0,
          0,
          0,
          0,
          0,
          0,
          0,
          0,
          0,
          0,
          null,
          0,
          0,
          null,
          0,
          0,
          0,
          0,
          0,
          0,
          0,
          0,
          0,
          null,
          0,
          null,
          0,
          0,
          0,
          0,
          0,
          0,
          null,
          0,
          0,
          0,
          0,
          0,
          0
        ],
        "branches": {
        }
      },
      "/Users/mrks/Code/bentobook/bentobook_server/app/controllers/api/v1/registrations_controller.rb": {
        "lines": [
          0,
          0,
          0,
          0,
          null,
          0,
          0,
          null,
          0,
          0,
          0,
          0,
          0,
          0,
          null,
          0,
          null,
          0,
          0,
          0,
          0,
          null,
          0,
          0,
          0,
          0,
          0,
          null,
          0,
          0,
          0,
          0,
          null,
          0,
          0,
          0,
          null,
          0,
          0,
          0,
          0,
          0,
          0,
          0,
          0,
          0,
          0,
          0,
          0,
          null,
          0,
          0,
          null,
          0,
          0,
          0,
          0,
          0,
          0,
          0,
          null,
          0,
          0,
          0,
          0,
          0,
          0,
          0,
          0,
          0
        ],
        "branches": {
        }
      },
      "/Users/mrks/Code/bentobook/bentobook_server/app/controllers/api/v1/sessions_controller.rb": {
        "lines": [
          0,
          0,
          0,
          0,
          0,
          null,
          0,
          0,
          0,
          0,
          0,
          null,
          0,
          0,
          0,
          0,
          0,
          0,
          0,
          0,
          0,
          0,
          0,
          0,
          0,
          0,
          null,
          0,
          0,
          0,
          0,
          0,
          0,
          0,
          0,
          0,
          0,
          0,
          null,
          0,
          0,
          null,
          0,
          0,
          null,
          0,
          0,
          0,
          0,
          0,
          0,
          0,
          0,
          0,
          0,
          0,
          0,
          null,
          0,
          0,
          0,
          0,
          0,
          0,
          0,
          0,
          0,
          0,
          0,
          0,
          null,
          0,
          0,
          0,
          0,
          0,
          0,
          0,
          0,
          0,
          null,
          0,
          0,
          0,
          0,
          null,
          0,
          0,
          0,
          0,
          0,
          0,
          0,
          0,
          null,
          0,
          0,
          0,
          0,
          0,
          0,
          0,
          0,
          0,
          0,
          0,
          0,
          0,
          0,
          0,
          0,
          0,
          0,
          0,
          0,
          0,
          0,
          0,
          0,
          0,
          null,
          0,
          0,
          0,
          0,
          0,
          0,
          0,
          0,
          0,
          0,
          0,
          0,
          0,
          null,
          0,
          0,
          0,
          0,
          0,
          0,
          0,
          null,
          0,
          0,
          0,
          0,
          0,
          0,
          0,
          0,
          0,
          0,
          0,
          0,
          0,
          0,
          0,
          0,
          null,
          0,
          null,
          0,
          0,
          0,
          0,
          null,
          0,
          0,
          0,
          0,
          0,
          0,
          0,
          0,
          0,
          0,
          0,
          null,
          0,
          0,
          0,
          null,
          0,
          0,
          0,
          0,
          0,
          0,
          0,
          0,
          0,
          0,
          0,
          0,
          null,
          0,
          0,
          null,
          0,
          0,
          0,
          0,
          0,
          0,
          0,
          null,
          0,
          0,
          0,
          0,
          0,
          0,
          0,
          0,
          0
        ],
        "branches": {
        }
      },
      "/Users/mrks/Code/bentobook/bentobook_server/app/controllers/api/v1/visits_controller.rb": {
        "lines": [
          0,
          0,
          0,
          0,
          0,
          null,
          0,
          0,
          0,
          null,
          0,
          0,
          0,
          0,
          0,
          0,
          null,
          0,
          0,
          0,
          0,
          0,
          0,
          0,
          0,
          0,
          null,
          0,
          0,
          null,
          0,
          0,
          0,
          0,
          0,
          0,
          0,
          0,
          0,
          0,
          0,
          null,
          0,
          0,
          0,
          0,
          0,
          0,
          0,
          0,
          0,
          0,
          0,
          0,
          null,
          0,
          0,
          0,
          0,
          0,
          0,
          0,
          0,
          0,
          0,
          0,
          0,
          null,
          0,
          null,
          0,
          0,
          0,
          0,
          0,
          null,
          0,
          0,
          0,
          0,
          0,
          0,
          0,
          0,
          0,
          0,
          0,
          0,
          null,
          0,
          0,
          null,
          0,
          0,
          0,
          0,
          0,
          0,
          0,
          0,
          0,
          0,
          0,
          0,
          null,
          0,
          0,
          0,
          null,
          0,
          0,
          0,
          0,
          0,
          0,
          0,
          0,
          0,
          0,
          0,
          null,
          0,
          0,
          0,
          0,
          0,
          0,
          0,
          0,
          0,
          0,
          0,
          0,
          0
        ],
        "branches": {
        }
      },
      "/Users/mrks/Code/bentobook/bentobook_server/app/controllers/application_controller.rb": {
        "lines": [
          0,
          0,
          0,
          0,
          null,
          null,
          0,
          null,
          0,
          0,
          0,
          0,
          null,
          0,
          null,
          0,
          0,
          null,
          0,
          0,
          0,
          0,
          0,
          0,
          0,
          null,
          0,
          0,
          0,
          0,
          null,
          0,
          0,
          0,
          null,
          0,
          0,
          0,
          0,
          0
        ],
        "branches": {
        }
      },
      "/Users/mrks/Code/bentobook/bentobook_server/app/controllers/concerns/api/v1/restaurant_sorting_and_filtering.rb": {
        "lines": [
          null,
          0,
          0,
          0,
          0,
          null,
          0,
          0,
          null,
          0,
          0,
          0,
          0,
          null,
          0,
          0,
          0,
          0,
          null,
          0,
          0,
          0,
          null,
          0,
          0,
          null,
          0,
          0,
          0,
          0,
          0,
          null,
          0,
          0,
          0,
          0,
          0,
          null,
          0,
          0,
          null,
          0,
          0,
          0,
          null,
          0,
          0,
          0,
          null,
          0,
          0,
          0,
          0,
          0,
          null,
          0,
          0,
          0,
          0,
          0,
          0,
          0,
          0,
          0,
          0,
          0,
          0,
          0,
          0,
          0,
          0,
          0,
          0
        ],
        "branches": {
        }
      },
      "/Users/mrks/Code/bentobook/bentobook_server/app/controllers/concerns/api_controller_concern.rb": {
        "lines": [
          0,
          0,
          null,
          0,
          0,
          0,
          0,
          0,
          null,
          0,
          null,
          0,
          0,
          0,
          null,
          0,
          0,
          0,
          0,
          0,
          0,
          0
        ],
        "branches": {
        }
      },
      "/Users/mrks/Code/bentobook/bentobook_server/app/controllers/concerns/api_error_handler_concern.rb": {
        "lines": [
          0,
          0,
          null,
          0,
          0,
          0,
          0,
          null,
          0,
          null,
          0,
          0,
          0,
          null,
          0,
          0,
          0,
          0
        ],
        "branches": {
        }
      },
      "/Users/mrks/Code/bentobook/bentobook_server/app/controllers/concerns/imageable_permissions.rb": {
        "lines": [
          0,
          0,
          null,
          0,
          0,
          0,
          0,
          0,
          0,
          0,
          0,
          0
        ],
        "branches": {
        }
      },
      "/Users/mrks/Code/bentobook/bentobook_server/app/controllers/concerns/restaurant_management.rb": {
        "lines": [
          0,
          0,
          null,
          0,
          0,
          0,
          0,
          null,
          0,
          0,
          0,
          0,
          0,
          0,
          0,
          0,
          0,
          0,
          null,
          0,
          0,
          null,
          0,
          0,
          0,
          0,
          0,
          null,
          0,
          0,
          null,
          0,
          0,
          0,
          null,
          0,
          0,
          0,
          0,
          0,
          0,
          null,
          0,
          0,
          null,
          0,
          null,
          0,
          0,
          0,
          0,
          0,
          0,
          0,
          null,
          0,
          0,
          0,
          0,
          0,
          0,
          0,
          null,
          0,
          0,
          0,
          0,
          0,
          0,
          0,
          null,
          0,
          0,
          0,
          0,
          0,
          0,
          0,
          0,
          0,
          null,
          0,
          0,
          0,
          0,
          0,
          0,
          0,
          null,
          0,
          null,
          null,
          0,
          0,
          0,
          0,
          null,
          0,
          0,
          0,
          0,
          0,
          0,
          0,
          null,
          0,
          0,
          0,
          null,
          0,
          0,
          0,
          null,
          0,
          null,
          0,
          0,
          0
        ],
        "branches": {
        }
      },
      "/Users/mrks/Code/bentobook/bentobook_server/app/controllers/contacts_controller.rb": {
        "lines": [
          0,
          0,
          0,
          0,
          null,
          0,
          0,
          0,
          null,
          0,
          0,
          0,
          0,
          0,
          0,
          0,
          0,
          0,
          0,
          0,
          0,
          null,
          0,
          0,
          null,
          0,
          0,
          0,
          null,
          0,
          0,
          0,
          0,
          0,
          0,
          0,
          0,
          0,
          0,
          0,
          0,
          0,
          null,
          0,
          0,
          0,
          0,
          0,
          0,
          null,
          0,
          0,
          null,
          0,
          0,
          0,
          0,
          0,
          0,
          0,
          0,
          0,
          0,
          0,
          null,
          0,
          0,
          0,
          0,
          0,
          0,
          0,
          0,
          null,
          0,
          null,
          0,
          0,
          0,
          0,
          0,
          0,
          null,
          0,
          0,
          0,
          null,
          0,
          null
        ],
        "branches": {
        }
      },
      "/Users/mrks/Code/bentobook/bentobook_server/app/controllers/images_controller.rb": {
        "lines": [
          0,
          0,
          0,
          null,
          0,
          0,
          null,
          0,
          0,
          0,
          0,
          0,
          0,
          0,
          0,
          0,
          0,
          0,
          0,
          0,
          0,
          null,
          0,
          null,
          0,
          0,
          0,
          null,
          0,
          0,
          0,
          0,
          0,
          0,
          0,
          0,
          null,
          0,
          0,
          0,
          0,
          0,
          0,
          0,
          0,
          null,
          0,
          0,
          0,
          0,
          0,
          0,
          0,
          0,
          0,
          0,
          0,
          null
        ],
        "branches": {
        }
      },
      "/Users/mrks/Code/bentobook/bentobook_server/app/controllers/list_restaurants_controller.rb": {
        "lines": [
          0,
          0,
          0,
          0,
          0,
          0,
          null,
          0,
          0,
          0,
          0,
          0,
          0,
          null,
          0,
          0,
          null,
          0,
          0,
          0,
          0,
          0,
          0,
          0,
          null,
          0,
          0,
          null,
          0,
          0,
          0,
          0,
          0,
          0,
          null,
          0,
          0,
          0,
          null,
          0,
          0,
          0,
          null,
          0,
          0,
          0,
          0,
          null,
          0,
          null,
          0,
          0,
          0,
          0,
          0,
          0,
          null,
          0,
          0,
          0,
          0,
          0,
          0,
          0,
          0,
          0,
          0,
          0,
          null,
          0,
          0,
          0,
          null,
          0,
          0,
          0,
          0,
          0,
          0,
          0,
          0,
          0,
          0,
          0,
          0,
          0,
          0,
          0,
          0,
          0,
          0,
          0,
          0,
          0,
          0,
          0,
          0,
          0,
          0,
          null,
          0,
          null,
          0,
          0,
          0,
          0,
          0,
          0,
          0,
          0,
          0,
          null,
          0,
          0,
          0,
          0,
          0,
          0
        ],
        "branches": {
        }
      },
      "/Users/mrks/Code/bentobook/bentobook_server/app/controllers/lists_controller.rb": {
        "lines": [
          0,
          0,
          0,
          0,
          null,
          0,
          0,
          0,
          0,
          null,
          0,
          0,
          0,
          null,
          0,
          0,
          0,
          null,
          0,
          0,
          0,
          0,
          null,
          0,
          0,
          0,
          0,
          0,
          0,
          null,
          0,
          0,
          0,
          0,
          null,
          0,
          0,
          0,
          null,
          0,
          0,
          0,
          0,
          0,
          0,
          null,
          0,
          0,
          0,
          null,
          0,
          0,
          null,
          0,
          0,
          0,
          0,
          0,
          0,
          null,
          0,
          0,
          null,
          0,
          0,
          0,
          0,
          0,
          0,
          0,
          null,
          0,
          0,
          0,
          0,
          0,
          0,
          0,
          0,
          0,
          0,
          0,
          0,
          null,
          0,
          0,
          null,
          0,
          0,
          0,
          0,
          0,
          0,
          0,
          null,
          0,
          0,
          0,
          0,
          0,
          0,
          null,
          0,
          null,
          0,
          0,
          0,
          0,
          0,
          0,
          0,
          0,
          null,
          0,
          0,
          0,
          0,
          0,
          0,
          0,
          0,
          0,
          0,
          null,
          0,
          0,
          0,
          0,
          0,
          null,
          0,
          0,
          0,
          0,
          null,
          0,
          0,
          null,
          0,
          0,
          0,
          0,
          null,
          0,
          0,
          0,
          0,
          0,
          0,
          0,
          0,
          0,
          0,
          0,
          0,
          0,
          0,
          0,
          0,
          0,
          0,
          0,
          0,
          null,
          0,
          0,
          0,
          0,
          null,
          0,
          0,
          0,
          0,
          0,
          0,
          0,
          0,
          0,
          0,
          0,
          null,
          0,
          null,
          0,
          0,
          0,
          0,
          0,
          0,
          0,
          0,
          0,
          0,
          0,
          0,
          0,
          null,
          0,
          0,
          0,
          0,
          0,
          null,
          0,
          0,
          0,
          0
        ],
        "branches": {
        }
      },
      "/Users/mrks/Code/bentobook/bentobook_server/app/controllers/pages_controller.rb": {
        "lines": [
          0,
          null,
          null,
          0,
          0,
          0
        ],
        "branches": {
        }
      },
      "/Users/mrks/Code/bentobook/bentobook_server/app/controllers/profiles_controller.rb": {
        "lines": [
          0,
          0,
          0,
          null,
          0,
          0,
          null,
          0,
          0,
          null,
          0,
          0,
          0,
          0,
          0,
          0,
          0,
          0,
          0,
          0,
          0,
          0,
          0,
          0,
          0,
          0,
          0,
          0,
          0,
          0,
          0,
          0,
          0,
          null,
          0,
          0,
          0,
          0,
          0,
          0,
          0,
          0,
          0,
          0,
          null,
          0,
          0,
          null,
          null,
          0,
          0,
          0,
          0,
          0,
          0,
          0,
          0,
          null,
          0,
          null,
          0,
          0,
          0,
          0,
          0,
          null,
          0,
          null,
          0,
          0,
          0,
          null,
          0,
          0,
          0,
          0,
          0,
          0,
          0
        ],
        "branches": {
        }
      },
      "/Users/mrks/Code/bentobook/bentobook_server/app/controllers/restaurants_controller.rb": {
        "lines": [
          0,
          0,
          0,
          null,
          0,
          0,
          null,
          0,
          0,
          0,
          null,
          0,
          null,
          0,
          null,
          0,
          0,
          0,
          null,
          0,
          0,
          null,
          0,
          0,
          0,
          0,
          null,
          0,
          0,
          0,
          null,
          0,
          null,
          0,
          0,
          0,
          0,
          0,
          null,
          0,
          0,
          0,
          0,
          0,
          0,
          null,
          0,
          0,
          null,
          0,
          0,
          null,
          0,
          0,
          0,
          0,
          0,
          0,
          0,
          0,
          0,
          0,
          0,
          0,
          null,
          0,
          0,
          0,
          0,
          0,
          0,
          0,
          0,
          0,
          0,
          0,
          0,
          0,
          0,
          null,
          0,
          0,
          0,
          0,
          null,
          0,
          0,
          0,
          0,
          0,
          0,
          0,
          0,
          0,
          0,
          0,
          0,
          0,
          0,
          0,
          0,
          0,
          0,
          0,
          0,
          0,
          0,
          0,
          0,
          null,
          0,
          0,
          0,
          0,
          null,
          0,
          0,
          0,
          0,
          0,
          0,
          0,
          0,
          0,
          0,
          0,
          0,
          0,
          0,
          null,
          0,
          0,
          0,
          0,
          0,
          0,
          0,
          0,
          0,
          0,
          0,
          0,
          0,
          0,
          null,
          0,
          null,
          0,
          0,
          0,
          null,
          0,
          0,
          0,
          0,
          null,
          0,
          0,
          0,
          0,
          null,
          0,
          0,
          null,
          0,
          0,
          0,
          null,
          0,
          0,
          0,
          null,
          0,
          0,
          0,
          null,
          0,
          0,
          0,
          0,
          0,
          0,
          0,
          0,
          0,
          0,
          0,
          0,
          0,
          0,
          null,
          0,
          0,
          null,
          0,
          0,
          0,
          null,
          0,
          0,
          0,
          0,
          0,
          null,
          0,
          0,
          0,
          0,
          null,
          0,
          0,
          0,
          0,
          0,
          0,
          0,
          0,
          0,
          0,
          null,
          0,
          0,
          0,
          0,
          0,
          0,
          0,
          0,
          0,
          null,
          0,
          0,
          0,
          0,
          0,
          null,
          0,
          0,
          0,
          null,
          0
        ],
        "branches": {
        }
      },
      "/Users/mrks/Code/bentobook/bentobook_server/app/controllers/shares_controller.rb": {
        "lines": [
          0,
          0,
          0,
          0,
          null,
          0,
          0,
          0,
          null,
          0,
          0,
          0,
          0,
          0,
          0,
          0,
          0,
          0,
          null,
          0,
          0,
          0,
          0,
          0,
          0,
          0,
          0,
          0,
          0,
          0,
          0,
          0,
          null,
          0,
          0,
          0,
          0,
          0,
          0,
          0,
          0,
          null,
          0,
          0,
          0,
          0,
          0,
          0,
          0,
          0,
          null,
          0,
          null,
          0,
          0,
          0,
          null,
          0,
          0,
          0,
          0,
          null,
          0,
          0,
          0,
          null,
          0,
          0,
          0,
          0
        ],
        "branches": {
        }
      },
      "/Users/mrks/Code/bentobook/bentobook_server/app/controllers/users/confirmations_controller.rb": {
        "lines": [
          0,
          0,
          null,
          0,
          0,
          0,
          0,
          0
        ],
        "branches": {
        }
      },
      "/Users/mrks/Code/bentobook/bentobook_server/app/controllers/visits_controller.rb": {
        "lines": [
          0,
          0,
          0,
          0,
          0,
          null,
          0,
          0,
          0,
          null,
          0,
          null,
          0,
          null,
          0,
          0,
          0,
          0,
          null,
          0,
          0,
          0,
          0,
          null,
          0,
          null,
          0,
          null,
          0,
          0,
          0,
          0,
          0,
          0,
          0,
          null,
          0,
          0,
          0,
          0,
          null,
          0,
          null,
          0,
          0,
          0,
          0,
          0,
          0,
          null,
          0,
          0,
          0,
          0,
          0,
          0,
          0,
          0,
          0,
          0,
          0,
          0,
          0,
          0,
          0,
          0,
          null,
          0,
          0,
          0,
          null,
          0,
          0,
          0,
          0,
          0,
          0,
          0,
          0,
          0,
          null,
          0,
          0,
          0,
          0,
          0,
          0,
          0,
          0,
          0,
          0,
          0,
          0,
          0,
          0,
          0,
          0,
          0,
          0,
          0,
          0,
          0,
          0,
          0,
          0,
          0,
          0,
          0,
          0
        ],
        "branches": {
        }
      },
      "/Users/mrks/Code/bentobook/bentobook_server/app/jobs/application_job.rb": {
        "lines": [
          0,
          null,
          null,
          null,
          null,
          null,
          0
        ],
        "branches": {
        }
      },
      "/Users/mrks/Code/bentobook/bentobook_server/app/mailers/application_mailer.rb": {
        "lines": [
          0,
          0,
          0,
          0
        ],
        "branches": {
        }
      },
      "/Users/mrks/Code/bentobook/bentobook_server/app/mailers/list_mailer.rb": {
        "lines": [
          0,
          0,
          0,
          0,
          0,
          null,
          0,
          0,
          0,
          0,
          0,
          0
        ],
        "branches": {
        }
      },
      "/Users/mrks/Code/bentobook/bentobook_server/app/mailers/share_mailer.rb": {
        "lines": [
          0,
          0,
          0,
          0,
          0,
          0,
          null,
          0,
          0,
          0,
          0,
          0,
          0
        ],
        "branches": {
        }
      },
      "/Users/mrks/Code/bentobook/bentobook_server/app/models/contact.rb": {
        "lines": [
          0,
          null,
          0,
          0,
          0,
          0,
          null,
          0,
          null,
          null,
          0,
          0,
          0,
          0,
          0,
          0,
          0,
          0,
          0,
          0,
          0,
          null,
          0,
          0,
          0,
          null,
          0,
          null,
          0,
          0,
          0,
          0,
          0
        ],
        "branches": {
        }
      },
      "/Users/mrks/Code/bentobook/bentobook_server/app/models/list.rb": {
        "lines": [
          0,
          0,
          null,
          0,
          0,
          0,
          0,
          null,
          0,
          null,
          0,
          null,
          0,
          null,
          0,
          0,
          0,
          0,
          0,
          null,
          0,
          0,
          0,
          0,
          0,
          0,
          0,
          0,
          0,
          0,
          0,
          null,
          0,
          0,
          0,
          0,
          0,
          0,
          0,
          0,
          null,
          0,
          0,
          0,
          null,
          0,
          0,
          0,
          null,
          0,
          0,
          0,
          0,
          0
        ],
        "branches": {
        }
      },
      "/Users/mrks/Code/bentobook/bentobook_server/app/models/list_statistics.rb": {
        "lines": [
          0,
          0,
          0,
          0,
          0,
          null,
          0,
          0,
          0,
          null,
          0,
          0,
          0,
          0,
          0,
          null,
          0,
          0,
          0,
          0,
          null,
          0,
          0,
          0,
          0,
          0,
          0,
          null,
          0,
          null,
          0,
          0
        ],
        "branches": {
        }
      },
      "/Users/mrks/Code/bentobook/bentobook_server/app/models/membership.rb": {
        "lines": [
          0,
          0,
          0,
          0
        ],
        "branches": {
        }
      },
      "/Users/mrks/Code/bentobook/bentobook_server/app/models/organization.rb": {
        "lines": [
          0,
          0,
          0,
          0
        ],
        "branches": {
        }
      },
      "/Users/mrks/Code/bentobook/bentobook_server/app/models/share.rb": {
        "lines": [
          0,
          null,
          null,
          null,
          null,
          null,
          null,
          0,
          0,
          0,
          null,
          0,
          0,
          null,
          0,
          0,
          0,
          0,
          null,
          0,
          null,
          0,
          0,
          0,
          null,
          0,
          0,
          0,
          null,
          0,
          0,
          0,
          0,
          0,
          0,
          0
        ],
        "branches": {
        }
      },
      "/Users/mrks/Code/bentobook/bentobook_server/app/models/visit_contact.rb": {
        "lines": [
          0,
          0,
          0,
          0
        ],
        "branches": {
        }
      },
      "/Users/mrks/Code/bentobook/bentobook_server/app/serializers/contact_serializer.rb": {
        "lines": [
          0,
          0,
          0,
          0,
          0,
          0,
          0,
          0,
          0,
          0,
          null,
          0,
          0,
          0,
          0,
          0,
          0,
          0,
          0,
          0,
          0,
          null,
          0,
          0,
          0,
          0,
          0,
          null,
          0,
          0,
          0,
          0,
          0,
          0,
          null,
          0,
          0,
          0,
          0,
          0,
          0,
          0,
          0,
          0,
          0,
          0,
          0,
          0,
          0,
          0
        ],
        "branches": {
        }
      },
      "/Users/mrks/Code/bentobook/bentobook_server/app/serializers/profile_serializer.rb": {
        "lines": [
          0,
          0,
          0,
          0,
          null,
          0,
          0,
          0,
          null,
          0,
          0,
          0,
          null,
          0,
          0,
          0,
          0,
          0,
          0,
          0,
          0,
          null,
          0,
          null,
          0,
          0,
          0,
          null,
          0,
          0,
          0,
          0,
          0,
          0,
          0,
          0,
          null,
          0,
          0,
          0,
          null,
          0,
          0,
          0,
          0,
          0,
          0,
          0,
          0,
          null,
          0,
          0,
          0,
          0,
          0,
          0,
          0,
          null,
          0,
          0,
          0,
          0,
          0,
          0,
          0,
          null,
          0,
          0,
          0,
          0,
          0,
          0,
          0,
          null,
          0,
          0,
          0,
          0,
          0,
          0,
          0,
          0
        ],
        "branches": {
        }
      },
      "/Users/mrks/Code/bentobook/bentobook_server/app/serializers/registration_serializer.rb": {
        "lines": [
          0,
          0,
          null,
          0,
          0,
          0,
          null,
          0,
          0,
          0,
          0,
          0,
          0,
          0,
          0,
          0,
          0,
          0,
          0,
          0,
          0,
          0,
          0,
          0,
          null,
          0,
          0,
          0,
          0,
          0,
          0,
          0,
          0,
          0,
          0,
          0,
          0,
          0,
          0
        ],
        "branches": {
        }
      },
      "/Users/mrks/Code/bentobook/bentobook_server/app/serializers/session_serializer.rb": {
        "lines": [
          0,
          0,
          0,
          0,
          null,
          0,
          0,
          0,
          0,
          0,
          0,
          0,
          0,
          0,
          null,
          0,
          0
        ],
        "branches": {
        }
      },
      "/Users/mrks/Code/bentobook/bentobook_server/app/serializers/user_serializer.rb": {
        "lines": [
          0,
          0,
          0,
          0,
          0
        ],
        "branches": {
        }
      },
      "/Users/mrks/Code/bentobook/bentobook_server/app/serializers/visit_serializer.rb": {
        "lines": [
          0,
          0,
          null,
          0,
          0,
          0,
          0,
          0,
          0,
          null,
          0,
          0,
          0,
          0,
          0,
          0,
          0,
          0,
          0,
          0,
          0,
          null,
          0,
          0,
          0,
          0,
          0,
          0,
          0,
          0,
          null,
          0,
          0,
          0,
          null,
          0,
          0,
          0,
          0,
          0,
          0,
          0,
          0,
          0,
          0,
          0,
          0,
          0,
          0,
          0,
          0,
          0,
          0,
          0,
          0,
          0,
          0,
          0,
          0,
          0,
          0,
          0,
          0,
          0
        ],
        "branches": {
        }
      },
      "/Users/mrks/Code/bentobook/bentobook_server/app/services/image_handling_service.rb": {
        "lines": [
          0,
          null,
          0,
          0,
          0,
          0,
          0,
          0,
          0,
          0,
          0,
          null,
          0,
          0,
          0,
          0,
          0,
          0,
          0,
          0,
          0,
          0,
          0,
          0,
          0,
          0,
          0,
          0,
          0,
          null,
          0,
          null,
          0,
          0,
          0,
          0,
          0,
          null,
          0,
          0,
          0,
          0,
          0,
          null,
          0,
          0,
          0,
          0,
          null,
          0,
          0,
          0,
          0,
          0,
          0,
          0,
          null,
          0,
          0,
          null,
          null,
          0,
          null,
          null,
          0,
          0,
          0,
          0,
          null,
          null,
          0,
          0,
          0,
          0,
          0,
          null,
          null,
          0,
          0,
          0,
          0,
          0,
          null,
          null,
          0,
          0,
          0,
          null,
          0,
          0,
          0
        ],
        "branches": {
        }
      },
      "/Users/mrks/Code/bentobook/bentobook_server/app/services/image_processor_service.rb": {
        "lines": [
          0,
          0,
          0,
          0,
          0,
          0,
          null,
          0,
          0,
          null,
          0,
          null,
          0,
          null,
          0,
          null,
          0,
          0,
          null,
          0,
          0,
          0,
          0,
          0,
          null,
          0,
          null,
          0,
          0,
          0,
          null,
          0,
          0,
          0,
          0,
          0,
          null,
          0,
          0,
          null,
          0,
          0,
          0,
          0,
          null,
          0,
          0,
          0,
          0,
          0
        ],
        "branches": {
        }
      },
      "/Users/mrks/Code/bentobook/bentobook_server/app/services/list_markdown_exporter.rb": {
        "lines": [
          0,
          0,
          0,
          0,
          0,
          null,
          0,
          0,
          0,
          0,
          0,
          0,
          0,
          0,
          null,
          0,
          null,
          0,
          0,
          0,
          0,
          0,
          0,
          0,
          0,
          0,
          0,
          0,
          null,
          0,
          0,
          0,
          0,
          0,
          0
        ],
        "branches": {
        }
      },
      "/Users/mrks/Code/bentobook/bentobook_server/app/services/restaurant_updater.rb": {
        "lines": [
          0,
          0,
          null,
          0,
          0,
          0,
          0,
          null,
          0,
          0,
          null,
          0,
          0,
          0,
          0,
          0,
          0,
          0,
          null,
          0,
          0,
          0,
          null,
          null,
          0,
          0,
          0,
          0,
          0,
          0,
          0,
          null,
          null,
          0,
          0,
          0,
          0,
          0,
          null,
          null,
          0,
          0,
          0,
          0,
          0,
          0,
          0,
          null,
          0,
          null,
          0,
          0,
          0,
          0,
          0,
          null,
          0,
          0,
          0,
          0,
          null,
          0,
          0,
          0,
          0,
          0,
          0,
          0,
          0,
          0,
          0,
          null,
          0,
          0,
          0,
          null,
          0,
          0,
          0,
          null,
          0,
          0,
          null,
          0,
          0,
          0,
          0,
          0,
          0,
          0
        ],
        "branches": {
        }
      }
    },
    "timestamp": 1732899081
  }
}
